MinimaxDepth_2_Woody vs Random
  0 1 2 3 4 5 6 7 
0 B W B W B W B W 
1 W B W B W B W B 
2 B W B W B W B W 
3 W B W B W B W B 
4 B W B W B W B W 
5 W B W B W B W B 
6 B W B W B W B W 
7 W B W B W B W B 

player B's turn
[3, 3, 3, 3]
  0 1 2 3 4 5 6 7 
0 B W B W B W B W 
1 W B W B W B W B 
2 B W B W B W B W 
3 W B W . W B W B 
4 B W B W B W B W 
5 W B W B W B W B 
6 B W B W B W B W 
7 W B W B W B W B 

player W's turn
[2, 3, 2, 3]
  0 1 2 3 4 5 6 7 
0 B W B W B W B W 
1 W B W B W B W B 
2 B W B . B W B W 
3 W B W . W B W B 
4 B W B W B W B W 
5 W B W B W B W B 
6 B W B W B W B W 
7 W B W B W B W B 

player B's turn
[5, 3, 3, 3]
  0 1 2 3 4 5 6 7 
0 B W B W B W B W 
1 W B W B W B W B 
2 B W B . B W B W 
3 W B W B W B W B 
4 B W B . B W B W 
5 W B W . W B W B 
6 B W B W B W B W 
7 W B W B W B W B 

player W's turn
[4, 1, 4, 3]
  0 1 2 3 4 5 6 7 
0 B W B W B W B W 
1 W B W B W B W B 
2 B W B . B W B W 
3 W B W B W B W B 
4 B . . W B W B W 
5 W B W . W B W B 
6 B W B W B W B W 
7 W B W B W B W B 

player B's turn
[4, 4, 4, 2]
  0 1 2 3 4 5 6 7 
0 B W B W B W B W 
1 W B W B W B W B 
2 B W B . B W B W 
3 W B W B W B W B 
4 B . B . . W B W 
5 W B W . W B W B 
6 B W B W B W B W 
7 W B W B W B W B 

player W's turn
[6, 1, 4, 1]
  0 1 2 3 4 5 6 7 
0 B W B W B W B W 
1 W B W B W B W B 
2 B W B . B W B W 
3 W B W B W B W B 
4 B W B . . W B W 
5 W . W . W B W B 
6 B . B W B W B W 
7 W B W B W B W B 

player B's turn
[3, 1, 5, 1]
  0 1 2 3 4 5 6 7 
0 B W B W B W B W 
1 W B W B W B W B 
2 B W B . B W B W 
3 W . W B W B W B 
4 B . B . . W B W 
5 W B W . W B W B 
6 B . B W B W B W 
7 W B W B W B W B 

player W's turn
[6, 3, 6, 1]
  0 1 2 3 4 5 6 7 
0 B W B W B W B W 
1 W B W B W B W B 
2 B W B . B W B W 
3 W . W B W B W B 
4 B . B . . W B W 
5 W B W . W B W B 
6 B W . . B W B W 
7 W B W B W B W B 

player B's turn
[1, 1, 3, 1]
  0 1 2 3 4 5 6 7 
0 B W B W B W B W 
1 W . W B W B W B 
2 B . B . B W B W 
3 W B W B W B W B 
4 B . B . . W B W 
5 W B W . W B W B 
6 B W . . B W B W 
7 W B W B W B W B 

player W's turn
[2, 5, 2, 1]
  0 1 2 3 4 5 6 7 
0 B W B W B W B W 
1 W . W B W B W B 
2 B W . . . . B W 
3 W B W B W B W B 
4 B . B . . W B W 
5 W B W . W B W B 
6 B W . . B W B W 
7 W B W B W B W B 

player B's turn
[4, 6, 4, 4]
  0 1 2 3 4 5 6 7 
0 B W B W B W B W 
1 W . W B W B W B 
2 B W . . . . B W 
3 W B W B W B W B 
4 B . B . B . . W 
5 W B W . W B W B 
6 B W . . B W B W 
7 W B W B W B W B 

player W's turn
[6, 1, 4, 1]
  0 1 2 3 4 5 6 7 
0 B W B W B W B W 
1 W . W B W B W B 
2 B W . . . . B W 
3 W B W B W B W B 
4 B W B . B . . W 
5 W . W . W B W B 
6 B . . . B W B W 
7 W B W B W B W B 

player B's turn
[3, 1, 5, 1]
  0 1 2 3 4 5 6 7 
0 B W B W B W B W 
1 W . W B W B W B 
2 B W . . . . B W 
3 W . W B W B W B 
4 B . B . B . . W 
5 W B W . W B W B 
6 B . . . B W B W 
7 W B W B W B W B 

player W's turn
[0, 5, 2, 5]
  0 1 2 3 4 5 6 7 
0 B W B W B . B W 
1 W . W B W . W B 
2 B W . . . W B W 
3 W . W B W B W B 
4 B . B . B . . W 
5 W B W . W B W B 
6 B . . . B W B W 
7 W B W B W B W B 

player B's turn
[1, 3, 1, 1]
  0 1 2 3 4 5 6 7 
0 B W B W B . B W 
1 W B . . W . W B 
2 B W . . . W B W 
3 W . W B W B W B 
4 B . B . B . . W 
5 W B W . W B W B 
6 B . . . B W B W 
7 W B W B W B W B 

player W's turn
[6, 5, 4, 5]
  0 1 2 3 4 5 6 7 
0 B W B W B . B W 
1 W B . . W . W B 
2 B W . . . W B W 
3 W . W B W B W B 
4 B . B . B W . W 
5 W B W . W . W B 
6 B . . . B . B W 
7 W B W B W B W B 

player B's turn
[3, 5, 5, 5]
  0 1 2 3 4 5 6 7 
0 B W B W B . B W 
1 W B . . W . W B 
2 B W . . . W B W 
3 W . W B W . W B 
4 B . B . B . . W 
5 W B W . W B W B 
6 B . . . B . B W 
7 W B W B W B W B 

player W's turn
[6, 7, 6, 5]
  0 1 2 3 4 5 6 7 
0 B W B W B . B W 
1 W B . . W . W B 
2 B W . . . W B W 
3 W . W B W . W B 
4 B . B . B . . W 
5 W B W . W B W B 
6 B . . . B W . . 
7 W B W B W B W B 

player B's turn
[6, 4, 6, 6]
  0 1 2 3 4 5 6 7 
0 B W B W B . B W 
1 W B . . W . W B 
2 B W . . . W B W 
3 W . W B W . W B 
4 B . B . B . . W 
5 W B W . W B W B 
6 B . . . . . B . 
7 W B W B W B W B 

player W's turn
[0, 7, 0, 5]
  0 1 2 3 4 5 6 7 
0 B W B W B W . . 
1 W B . . W . W B 
2 B W . . . W B W 
3 W . W B W . W B 
4 B . B . B . . W 
5 W B W . W B W B 
6 B . . . . . B . 
7 W B W B W B W B 

player B's turn
[1, 7, 1, 5]
  0 1 2 3 4 5 6 7 
0 B W B W B W . . 
1 W B . . W B . . 
2 B W . . . W B W 
3 W . W B W . W B 
4 B . B . B . . W 
5 W B W . W B W B 
6 B . . . . . B . 
7 W B W B W B W B 

player W's turn
[4, 7, 6, 7]
  0 1 2 3 4 5 6 7 
0 B W B W B W . . 
1 W B . . W B . . 
2 B W . . . W B W 
3 W . W B W . W B 
4 B . B . B . . . 
5 W B W . W B W . 
6 B . . . . . B W 
7 W B W B W B W B 

player B's turn
[7, 7, 5, 7]
  0 1 2 3 4 5 6 7 
0 B W B W B W . . 
1 W B . . W B . . 
2 B W . . . W B W 
3 W . W B W . W B 
4 B . B . B . . . 
5 W B W . W B W B 
6 B . . . . . B . 
7 W B W B W B W . 

player W's turn
[2, 7, 4, 7]
  0 1 2 3 4 5 6 7 
0 B W B W B W . . 
1 W B . . W B . . 
2 B W . . . W B . 
3 W . W B W . W . 
4 B . B . B . . W 
5 W B W . W B W B 
6 B . . . . . B . 
7 W B W B W B W . 

player B's turn
[5, 7, 3, 7]
  0 1 2 3 4 5 6 7 
0 B W B W B W . . 
1 W B . . W B . . 
2 B W . . . W B . 
3 W . W B W . W B 
4 B . B . B . . . 
5 W B W . W B W . 
6 B . . . . . B . 
7 W B W B W B W . 

player W's turn
[1, 4, 1, 6]
  0 1 2 3 4 5 6 7 
0 B W B W B W . . 
1 W B . . . . W . 
2 B W . . . W B . 
3 W . W B W . W B 
4 B . B . B . . . 
5 W B W . W B W . 
6 B . . . . . B . 
7 W B W B W B W . 

player B's turn
[0, 4, 0, 6]
  0 1 2 3 4 5 6 7 
0 B W B W . . B . 
1 W B . . . . W . 
2 B W . . . W B . 
3 W . W B W . W B 
4 B . B . B . . . 
5 W B W . W B W . 
6 B . . . . . B . 
7 W B W B W B W . 

player W's turn
[2, 5, 2, 7]
  0 1 2 3 4 5 6 7 
0 B W B W . . B . 
1 W B . . . . W . 
2 B W . . . . . W 
3 W . W B W . W B 
4 B . B . B . . . 
5 W B W . W B W . 
6 B . . . . . B . 
7 W B W B W B W . 

player B's turn
[3, 7, 1, 7]
  0 1 2 3 4 5 6 7 
0 B W B W . . B . 
1 W B . . . . W B 
2 B W . . . . . . 
3 W . W B W . W . 
4 B . B . B . . . 
5 W B W . W B W . 
6 B . . . . . B . 
7 W B W B W B W . 

player W's turn
[1, 0, 1, 2]
  0 1 2 3 4 5 6 7 
0 B W B W . . B . 
1 . . W . . . W B 
2 B W . . . . . . 
3 W . W B W . W . 
4 B . B . B . . . 
5 W B W . W B W . 
6 B . . . . . B . 
7 W B W B W B W . 

player B's turn
[2, 0, 2, 2]
  0 1 2 3 4 5 6 7 
0 B W B W . . B . 
1 . . W . . . W B 
2 . . B . . . . . 
3 W . W B W . W . 
4 B . B . B . . . 
5 W B W . W B W . 
6 B . . . . . B . 
7 W B W B W B W . 

player W's turn
Game over: Random loses.
